{"name":"1619290875","hostname":"QuadTMO-008","pid":29580,"level":20,"msg":"Sync server version: 1.2.4 2020-09-14 17:52:19 -0500 0aa4a9d288d4ecef4183f4fafe59fb95da7ae967","time":"2021-04-24T19:01:14.629Z","v":0}
{"name":"1619290875","hostname":"QuadTMO-008","pid":29580,"level":30,"msg":"Acquiring actors for session 1619290875: ACTOR1","time":"2021-04-24T19:01:14.639Z","v":0}
{"name":"1619290875","hostname":"QuadTMO-008","pid":29580,"level":30,"msg":"Session 1619290875 with label \"sravani 2\" started at 2021-04-24 19:01:14 UTC","time":"2021-04-24T19:01:14.649Z","v":0}
{"name":"1619290875","hostname":"QuadTMO-008","pid":29580,"level":30,"actorType":"ACTOR1","actorId":"51975","time":"2021-04-24T19:01:17.872Z","msg":"Actor 51975 of type ACTOR1 was acquired by test session 1619290875","v":0}
{"name":"1619290875","hostname":"QuadTMO-008","pid":29580,"level":20,"actorType":"ACTOR1","actorId":"51975","time":"2021-04-24T19:01:17.92Z","msg":"DEBUG: Test actor JAR versions:","v":0}
{"name":"1619290875","hostname":"QuadTMO-008","pid":29580,"level":20,"actorType":"ACTOR1","actorId":"51975","time":"2021-04-24T19:01:17.921Z","msg":"DEBUG:   opentest-appium-0.0.1.jar: 2020-09-14 17:52 -0500 0.0.1-0aa4a9d288d4ecef4183f4fafe59fb95da7ae967","v":0}
{"name":"1619290875","hostname":"QuadTMO-008","pid":29580,"level":20,"actorType":"ACTOR1","actorId":"51975","time":"2021-04-24T19:01:17.927Z","msg":"DEBUG:   opentest-base-0.0.1.jar: 2020-09-14 17:52 -0500 0.0.1-0aa4a9d288d4ecef4183f4fafe59fb95da7ae967","v":0}
{"name":"1619290875","hostname":"QuadTMO-008","pid":29580,"level":20,"actorType":"ACTOR1","actorId":"51975","time":"2021-04-24T19:01:17.929Z","msg":"DEBUG:   opentest-selenium-0.0.1.jar: 2020-09-14 17:52 -0500 0.0.1-0aa4a9d288d4ecef4183f4fafe59fb95da7ae967","v":0}
{"name":"1619290875","hostname":"QuadTMO-008","pid":29580,"level":40,"actorType":"ACTOR1","actorId":"51975","time":"2021-04-24T19:01:17.931Z","msg":"WARN: Failed to log extension JARs","v":0}
{"name":"1619290875","hostname":"QuadTMO-008","pid":29580,"level":30,"actorType":"ACTOR1","actorId":"51975","time":"2021-04-24T19:01:18.132Z","msg":"==================== ACTOR1: web/Find the React repo on GitHub's website ====================","v":0}
{"name":"1619290875","hostname":"QuadTMO-008","pid":29580,"level":30,"actorType":"ACTOR1","actorId":"51975","time":"2021-04-24T19:01:18.132Z","msg":"Actor ACTOR1 started executing test web/Find the React repo on GitHub's website...","v":0}
{"name":"1619290875","hostname":"QuadTMO-008","pid":29580,"level":30,"actorType":"ACTOR1","actorId":"51975","time":"2021-04-24T19:01:18.23Z","msg":"Executing segment 1 of test web/Find the React repo on GitHub's website...","v":0}
{"name":"1619290875","hostname":"QuadTMO-008","pid":29580,"level":30,"actorType":"ACTOR1","actorId":"51975","time":"2021-04-24T19:01:18.23Z","msg":"Evaluating action 1/2 (org.getopentest.selenium.NavigateTo) in segment 1 (Navigate to the google homepage)...","v":0}
{"name":"1619290875","hostname":"QuadTMO-008","pid":29580,"level":10,"actorType":"ACTOR1","actorId":"51975","time":"2021-04-24T19:01:18.237Z","msg":"TRACE: Initializing action org.getopentest.selenium.NavigateTo...","v":0}
{"name":"1619290875","hostname":"QuadTMO-008","pid":29580,"level":30,"actorType":"ACTOR1","actorId":"51975","time":"2021-04-24T19:01:18.238Z","msg":"Using local Selenium server","v":0}
{"name":"1619290875","hostname":"QuadTMO-008","pid":29580,"level":10,"actorType":"ACTOR1","actorId":"51975","time":"2021-04-24T19:01:18.241Z","msg":"TRACE: Setting system property \"webdriver.chrome.driver\" to \"C:\\chromedriver\\chromedriver.exe\"","v":0}
{"name":"1619290875","hostname":"QuadTMO-008","pid":29580,"level":30,"actorType":"ACTOR1","actorId":"51975","time":"2021-04-24T19:01:20.022Z","msg":"Executing action org.getopentest.selenium.NavigateTo with arguments {\"url\":\"https://www.google.com\"}...","v":0}
{"name":"1619290875","hostname":"QuadTMO-008","pid":29580,"level":30,"actorType":"ACTOR1","actorId":"51975","time":"2021-04-24T19:01:21.667Z","msg":"Evaluating action 2/2 (org.getopentest.selenium.SendKeys) in segment 1 (Enter \"react\" in the search box)...","v":0}
{"name":"1619290875","hostname":"QuadTMO-008","pid":29580,"level":10,"actorType":"ACTOR1","actorId":"51975","time":"2021-04-24T19:01:21.668Z","msg":"TRACE: Initializing action org.getopentest.selenium.SendKeys...","v":0}
{"name":"1619290875","hostname":"QuadTMO-008","pid":29580,"level":30,"actorType":"ACTOR1","actorId":"51975","time":"2021-04-24T19:01:21.67Z","msg":"Executing action org.getopentest.selenium.SendKeys with arguments {\"text\":\"react\",\"locator\":{\"css\":\"input[name='q']\"},\"sendEnter\":true}...","v":0}
{"name":"1619290875","hostname":"QuadTMO-008","pid":29580,"level":30,"actorType":"ACTOR1","actorId":"51975","time":"2021-04-24T19:01:23.735Z","msg":"Test session has completed","v":0}
{"name":"1619290875","hostname":"QuadTMO-008","pid":29580,"level":10,"actorType":"ACTOR1","actorId":"51975","time":"2021-04-24T19:01:23.736Z","msg":"TRACE: Firing TEST_COMPLETED event...","v":0}
{"name":"1619290875","hostname":"QuadTMO-008","pid":29580,"level":10,"actorType":"ACTOR1","actorId":"51975","time":"2021-04-24T19:01:24.569Z","msg":"TRACE: Firing SESSION_COMPLETED event...","v":0}
{"name":"1619290875","hostname":"QuadTMO-008","pid":29580,"level":30,"actorType":"ACTOR1","actorId":"51975","time":"2021-04-24T19:01:24.57Z","msg":"Actor 51975 of type ACTOR1 with no tags is waiting to be acquired by a test session...","v":0}
